# JRE version: Java(TM) SE Runtime Environment (8.0_91-b14) (build 1.8.0_91-b14)
# Java VM: Java HotSpot(TM) 64-Bit Server VM (25.91-b14 mixed mode bsd-amd64 compressed oops)
Heap:
 PSYoungGen      total 145920K, used 56139K [0x0000000795580000, 0x000000079f280000, 0x00000007c0000000)
  eden space 133120K, 37% used [0x0000000795580000,0x0000000798600c48,0x000000079d780000)
  from space 12800K, 50% used [0x000000079e600000,0x000000079ec52188,0x000000079f280000)
  to   space 13824K, 0% used [0x000000079d780000,0x000000079d780000,0x000000079e500000)
 ParOldGen       total 87552K, used 17134K [0x0000000740000000, 0x0000000745580000, 0x0000000795580000)
  object space 87552K, 19% used [0x0000000740000000,0x00000007410bb870,0x0000000745580000)
 Metaspace       used 10353K, capacity 10509K, committed 10624K, reserved 1058816K
  class space    used 1070K, capacity 1121K, committed 1152K, reserved 1048576K
GC Heap History (10 events):
Event: 5.210 GC heap before
{Heap before GC invocations=2 (full 0):
 PSYoungGen      total 38400K, used 38376K [0x0000000795580000, 0x000000079a080000, 0x00000007c0000000)
  eden space 33280K, 100% used [0x0000000795580000,0x0000000797600000,0x0000000797600000)
  from space 5120K, 99% used [0x0000000797600000,0x0000000797afa158,0x0000000797b00000)
  to   space 5120K, 0% used [0x0000000799b80000,0x0000000799b80000,0x000000079a080000)
 ParOldGen       total 87552K, used 8258K [0x0000000740000000, 0x0000000745580000, 0x0000000795580000)
  object space 87552K, 9% used [0x0000000740000000,0x0000000740810840,0x0000000745580000)
 Metaspace       used 9818K, capacity 9961K, committed 10112K, reserved 1058816K
  class space    used 1024K, capacity 1089K, committed 1152K, reserved 1048576K
Event: 5.225 GC heap after
Heap after GC invocations=2 (full 0):
 PSYoungGen      total 38400K, used 5096K [0x0000000795580000, 0x000000079a080000, 0x00000007c0000000)
  eden space 33280K, 0% used [0x0000000795580000,0x0000000795580000,0x0000000797600000)
  from space 5120K, 99% used [0x0000000799b80000,0x000000079a07a198,0x000000079a080000)
  to   space 5120K, 0% used [0x0000000797600000,0x0000000797600000,0x0000000797b00000)
 ParOldGen       total 87552K, used 11902K [0x0000000740000000, 0x0000000745580000, 0x0000000795580000)
  object space 87552K, 13% used [0x0000000740000000,0x0000000740b9f820,0x0000000745580000)
 Metaspace       used 9818K, capacity 9961K, committed 10112K, reserved 1058816K
  class space    used 1024K, capacity 1089K, committed 1152K, reserved 1048576K
}
Event: 5.449 GC heap before
{Heap before GC invocations=3 (full 0):
 PSYoungGen      total 38400K, used 38376K [0x0000000795580000, 0x000000079a080000, 0x00000007c0000000)
  eden space 33280K, 100% used [0x0000000795580000,0x0000000797600000,0x0000000797600000)
  from space 5120K, 99% used [0x0000000799b80000,0x000000079a07a198,0x000000079a080000)
  to   space 5120K, 0% used [0x0000000797600000,0x0000000797600000,0x0000000797b00000)
 ParOldGen       total 87552K, used 11902K [0x0000000740000000, 0x0000000745580000, 0x0000000795580000)
  object space 87552K, 13% used [0x0000000740000000,0x0000000740b9f820,0x0000000745580000)
 Metaspace       used 9871K, capacity 10093K, committed 10368K, reserved 1058816K
  class space    used 1029K, capacity 1089K, committed 1152K, reserved 1048576K
Event: 5.452 GC heap after
Heap after GC invocations=3 (full 0):
 PSYoungGen      total 38400K, used 5096K [0x0000000795580000, 0x000000079a080000, 0x00000007c0000000)
  eden space 33280K, 0% used [0x0000000795580000,0x0000000795580000,0x0000000797600000)
  from space 5120K, 99% used [0x0000000797600000,0x0000000797afa198,0x0000000797b00000)
  to   space 5120K, 0% used [0x0000000799b80000,0x0000000799b80000,0x000000079a080000)
 ParOldGen       total 87552K, used 11926K [0x0000000740000000, 0x0000000745580000, 0x0000000795580000)
  object space 87552K, 13% used [0x0000000740000000,0x0000000740ba5820,0x0000000745580000)
 Metaspace       used 9871K, capacity 10093K, committed 10368K, reserved 1058816K
  class space    used 1029K, capacity 1089K, committed 1152K, reserved 1048576K
}
Event: 5.551 GC heap before
{Heap before GC invocations=4 (full 0):
 PSYoungGen      total 38400K, used 38376K [0x0000000795580000, 0x000000079a080000, 0x00000007c0000000)
  eden space 33280K, 100% used [0x0000000795580000,0x0000000797600000,0x0000000797600000)
  from space 5120K, 99% used [0x0000000797600000,0x0000000797afa198,0x0000000797b00000)
  to   space 5120K, 0% used [0x0000000799b80000,0x0000000799b80000,0x000000079a080000)
 ParOldGen       total 87552K, used 11926K [0x0000000740000000, 0x0000000745580000, 0x0000000795580000)
  object space 87552K, 13% used [0x0000000740000000,0x0000000740ba5820,0x0000000745580000)
 Metaspace       used 9872K, capacity 10093K, committed 10368K, reserved 1058816K
  class space    used 1029K, capacity 1089K, committed 1152K, reserved 1048576K
Event: 5.556 GC heap after
Heap after GC invocations=4 (full 0):
 PSYoungGen      total 71680K, used 5106K [0x0000000795580000, 0x000000079a080000, 0x00000007c0000000)
  eden space 66560K, 0% used [0x0000000795580000,0x0000000795580000,0x0000000799680000)
  from space 5120K, 99% used [0x0000000799b80000,0x000000079a07c940,0x000000079a080000)
  to   space 5120K, 0% used [0x0000000799680000,0x0000000799680000,0x0000000799b80000)
 ParOldGen       total 87552K, used 11998K [0x0000000740000000, 0x0000000745580000, 0x0000000795580000)
  object space 87552K, 13% used [0x0000000740000000,0x0000000740bb7820,0x0000000745580000)
 Metaspace       used 9872K, capacity 10093K, committed 10368K, reserved 1058816K
  class space    used 1029K, capacity 1089K, committed 1152K, reserved 1048576K
}
Event: 5.819 GC heap before
{Heap before GC invocations=5 (full 0):
 PSYoungGen      total 71680K, used 71666K [0x0000000795580000, 0x000000079a080000, 0x00000007c0000000)
  eden space 66560K, 100% used [0x0000000795580000,0x0000000799680000,0x0000000799680000)
  from space 5120K, 99% used [0x0000000799b80000,0x000000079a07c940,0x000000079a080000)
  to   space 5120K, 0% used [0x0000000799680000,0x0000000799680000,0x0000000799b80000)
 ParOldGen       total 87552K, used 11998K [0x0000000740000000, 0x0000000745580000, 0x0000000795580000)
  object space 87552K, 13% used [0x0000000740000000,0x0000000740bb7820,0x0000000745580000)
 Metaspace       used 9915K, capacity 10093K, committed 10368K, reserved 1058816K
  class space    used 1034K, capacity 1089K, committed 1152K, reserved 1048576K
Event: 5.832 GC heap after
Heap after GC invocations=5 (full 0):
 PSYoungGen      total 71680K, used 4264K [0x0000000795580000, 0x000000079f480000, 0x00000007c0000000)
  eden space 66560K, 0% used [0x0000000795580000,0x0000000795580000,0x0000000799680000)
  from space 5120K, 83% used [0x0000000799680000,0x0000000799aaa188,0x0000000799b80000)
  to   space 14848K, 0% used [0x000000079e600000,0x000000079e600000,0x000000079f480000)
 ParOldGen       total 87552K, used 17126K [0x0000000740000000, 0x0000000745580000, 0x0000000795580000)
  object space 87552K, 19% used [0x0000000740000000,0x00000007410b9870,0x0000000745580000)
 Metaspace       used 9915K, capacity 10093K, committed 10368K, reserved 1058816K
  class space    used 1034K, capacity 1089K, committed 1152K, reserved 1048576K
}
Event: 6.214 GC heap before
{Heap before GC invocations=6 (full 0):
 PSYoungGen      total 71680K, used 70824K [0x0000000795580000, 0x000000079f480000, 0x00000007c0000000)
  eden space 66560K, 100% used [0x0000000795580000,0x0000000799680000,0x0000000799680000)
  from space 5120K, 83% used [0x0000000799680000,0x0000000799aaa188,0x0000000799b80000)
  to   space 14848K, 0% used [0x000000079e600000,0x000000079e600000,0x000000079f480000)
 ParOldGen       total 87552K, used 17126K [0x0000000740000000, 0x0000000745580000, 0x0000000795580000)
  object space 87552K, 19% used [0x0000000740000000,0x00000007410b9870,0x0000000745580000)
 Metaspace       used 10025K, capacity 10189K, committed 10368K, reserved 1058816K
  class space    used 1052K, capacity 1121K, committed 1152K, reserved 1048576K
Event: 6.222 GC heap after
Heap after GC invocations=6 (full 0):
 PSYoungGen      total 145920K, used 6472K [0x0000000795580000, 0x000000079f280000, 0x00000007c0000000)
  eden space 133120K, 0% used [0x0000000795580000,0x0000000795580000,0x000000079d780000)
  from space 12800K, 50% used [0x000000079e600000,0x000000079ec52188,0x000000079f280000)
  to   space 13824K, 0% used [0x000000079d780000,0x000000079d780000,0x000000079e500000)
 ParOldGen       total 87552K, used 17134K [0x0000000740000000, 0x0000000745580000, 0x0000000795580000)
  object space 87552K, 19% used [0x0000000740000000,0x00000007410bb870,0x0000000745580000)
 Metaspace       used 10025K, capacity 10189K, committed 10368K, reserved 1058816K
  class space    used 1052K, capacity 1121K, committed 1152K, reserved 1048576K
}

